2022-10-26 15:03:23 INFO  Log:11 - =====================================loginTestCase TEST START=========================================
2022-10-26 15:04:03 INFO  Log:25 - Entering user name and password
2022-10-26 15:04:23 INFO  Log:25 - verifying the logined page
2022-10-26 15:04:23 INFO  Log:17 - =====================================loginTestCase TEST END=========================================
2022-10-26 15:17:30 INFO  Log:11 - =====================================loginTestCase TEST START=========================================
2022-10-26 15:18:15 INFO  Log:25 - Entering user name and password
2022-10-26 15:18:15 INFO  Log:25 - Successfully entered value at: "[[ChromeDriver: chrome on MAC (0027e618de9600a8df7552443f58fde6)] -> id: email]"
2022-10-26 15:18:16 INFO  Log:25 - Successfully entered value at: "[[ChromeDriver: chrome on MAC (0027e618de9600a8df7552443f58fde6)] -> id: passwd]"
2022-10-26 15:18:32 INFO  Log:25 - verifying the logined page
2022-10-26 15:18:32 INFO  Log:17 - =====================================loginTestCase TEST END=========================================
2022-10-26 15:24:29 INFO  Log:11 - =====================================loginTestCase TEST START=========================================
2022-10-26 15:24:58 INFO  Log:25 - Entering user name and password
2022-10-26 15:25:19 ERROR Log:37 - Location Not found: Proxy element for: DefaultElementLocator 'By.id: email'
2022-10-26 15:25:29 INFO  Log:25 - Unable to enter value at: "Proxy element for: DefaultElementLocator 'By.id: email'"
2022-10-26 15:25:49 ERROR Log:37 - Location Not found: Proxy element for: DefaultElementLocator 'By.id: passwd'
2022-10-26 15:25:59 INFO  Log:25 - Unable to enter value at: "Proxy element for: DefaultElementLocator 'By.id: passwd'"
2022-10-26 15:26:09 INFO  Log:17 - =====================================loginTestCase TEST END=========================================
2022-10-26 15:40:17 INFO  Log:11 - =====================================loginTestCase TEST START=========================================
2022-10-26 15:42:55 INFO  Log:11 - =====================================loginTestCase TEST START=========================================
2022-10-26 15:45:40 INFO  Log:11 - =====================================loginTestCase TEST START=========================================
2022-10-26 15:46:34 INFO  Log:11 - =====================================loginTestCase TEST START=========================================
2022-10-26 15:48:23 INFO  Log:11 - =====================================loginTestCase TEST START=========================================
2022-10-26 15:49:17 INFO  Log:11 - =====================================loginTestCase TEST START=========================================
2022-10-26 15:50:24 INFO  Log:11 - =====================================loginTestCase TEST START=========================================
2022-10-26 15:53:48 INFO  Log:11 - =====================================loginTestCase TEST START=========================================
2022-10-26 15:53:48 INFO  Log:11 - =====================================loginTestCase TEST START=========================================
2022-10-26 15:54:27 INFO  Log:25 - Entering user name and password
2022-10-26 15:54:28 INFO  Log:25 - Entering user name and password
2022-10-26 15:54:29 INFO  Log:25 - Successfully entered value at: "[[ChromeDriver: chrome on MAC (61085d57bbdb0626b8c19e40a23a2c2c)] -> id: email]"
2022-10-26 15:54:29 INFO  Log:25 - Successfully entered value at: "[[ChromeDriver: chrome on MAC (61085d57bbdb0626b8c19e40a23a2c2c)] -> id: passwd]"
2022-10-26 15:54:40 ERROR Log:37 - Location Not found: [[FirefoxDriver: firefox on MAC (9ade8c9b-6f63-4dce-92a4-1ce37f532939)] -> id: email]
2022-10-26 15:54:40 INFO  Log:25 - Unable to enter value at: "[[FirefoxDriver: firefox on MAC (9ade8c9b-6f63-4dce-92a4-1ce37f532939)] -> id: email]"
2022-10-26 15:54:40 INFO  Log:25 - Successfully entered value at: "[[FirefoxDriver: firefox on MAC (9ade8c9b-6f63-4dce-92a4-1ce37f532939)] -> id: passwd]"
2022-10-26 15:54:41 INFO  Log:17 - =====================================loginTestCase TEST END=========================================
2022-10-26 15:54:48 INFO  Log:25 - verifying the logined page
2022-10-26 17:26:44 INFO  Log:11 - =====================================loginTestCase TEST START=========================================
2022-10-26 17:32:31 INFO  Log:11 - =====================================loginTestCase TEST START=========================================
2022-10-26 17:32:31 INFO  Log:11 - =====================================loginTestCase TEST START=========================================
2022-10-26 18:04:36 INFO  Log:11 - =====================================loginTestCase TEST START=========================================
2022-10-26 18:06:59 INFO  Log:11 - =====================================loginTestCase TEST START=========================================
2022-10-26 18:07:49 INFO  Log:25 - Entering user name and password
2022-10-26 18:07:49 INFO  Log:25 - Successfully entered value at: "[[ChromeDriver: chrome on MAC (f9f3dbf3b38f519abab9b0e2ce75558d)] -> id: email]"
2022-10-26 18:07:50 INFO  Log:25 - Successfully entered value at: "[[ChromeDriver: chrome on MAC (f9f3dbf3b38f519abab9b0e2ce75558d)] -> id: passwd]"
2022-10-26 18:08:08 INFO  Log:25 - verifying the logined page
2022-10-26 18:08:08 INFO  Log:17 - =====================================loginTestCase TEST END=========================================
2022-10-26 18:08:08 DEBUG cache:45 - Couldn't find template in cache for "v3html/v3-html-index.ftl"("en", UTF-8, parsed); will try to load it.
2022-10-26 18:08:08 DEBUG cache:45 - TemplateLoader.findTemplateSource("v3html/v3-html-index_en.ftl"): Not found
2022-10-26 18:08:08 DEBUG cache:45 - TemplateLoader.findTemplateSource("v3html/v3-html-index.ftl"): Found
2022-10-26 18:08:08 DEBUG cache:45 - Loading template for "v3html/v3-html-index.ftl"("en", UTF-8, parsed) from "jar:file:/Users/umesh/.m2/repository/com/aventstack/extentreports/4.0.9/extentreports-4.0.9.jar!/com/aventstack/extentreports/view/v3html/v3-html-index.ftl"
2022-10-26 18:08:08 DEBUG cache:45 - Couldn't find template in cache for "v3html/v3-html-head.ftl"("en", UTF-8, parsed); will try to load it.
2022-10-26 18:08:08 DEBUG cache:45 - TemplateLoader.findTemplateSource("v3html/v3-html-head_en.ftl"): Not found
2022-10-26 18:08:08 DEBUG cache:45 - TemplateLoader.findTemplateSource("v3html/v3-html-head.ftl"): Found
2022-10-26 18:08:08 DEBUG cache:45 - Loading template for "v3html/v3-html-head.ftl"("en", UTF-8, parsed) from "jar:file:/Users/umesh/.m2/repository/com/aventstack/extentreports/4.0.9/extentreports-4.0.9.jar!/com/aventstack/extentreports/view/v3html/v3-html-head.ftl"
2022-10-26 18:08:08 DEBUG cache:45 - Couldn't find template in cache for "v3html/v3-html-nav.ftl"("en", UTF-8, parsed); will try to load it.
2022-10-26 18:08:08 DEBUG cache:45 - TemplateLoader.findTemplateSource("v3html/v3-html-nav_en.ftl"): Not found
2022-10-26 18:08:08 DEBUG cache:45 - TemplateLoader.findTemplateSource("v3html/v3-html-nav.ftl"): Found
2022-10-26 18:08:08 DEBUG cache:45 - Loading template for "v3html/v3-html-nav.ftl"("en", UTF-8, parsed) from "jar:file:/Users/umesh/.m2/repository/com/aventstack/extentreports/4.0.9/extentreports-4.0.9.jar!/com/aventstack/extentreports/view/v3html/v3-html-nav.ftl"
2022-10-26 18:08:08 DEBUG cache:45 - Couldn't find template in cache for "v3html/test-view/v3-html-test-view.ftl"("en", UTF-8, parsed); will try to load it.
2022-10-26 18:08:08 DEBUG cache:45 - TemplateLoader.findTemplateSource("v3html/test-view/v3-html-test-view_en.ftl"): Not found
2022-10-26 18:08:08 DEBUG cache:45 - TemplateLoader.findTemplateSource("v3html/test-view/v3-html-test-view.ftl"): Found
2022-10-26 18:08:08 DEBUG cache:45 - Loading template for "v3html/test-view/v3-html-test-view.ftl"("en", UTF-8, parsed) from "jar:file:/Users/umesh/.m2/repository/com/aventstack/extentreports/4.0.9/extentreports-4.0.9.jar!/com/aventstack/extentreports/view/v3html/test-view/v3-html-test-view.ftl"
2022-10-26 18:08:08 DEBUG cache:45 - Couldn't find template in cache for "v3html/test-view/v3-html-test-view-charts.ftl"("en", UTF-8, parsed); will try to load it.
2022-10-26 18:08:08 DEBUG cache:45 - TemplateLoader.findTemplateSource("v3html/test-view/v3-html-test-view-charts_en.ftl"): Not found
2022-10-26 18:08:08 DEBUG cache:45 - TemplateLoader.findTemplateSource("v3html/test-view/v3-html-test-view-charts.ftl"): Found
2022-10-26 18:08:08 DEBUG cache:45 - Loading template for "v3html/test-view/v3-html-test-view-charts.ftl"("en", UTF-8, parsed) from "jar:file:/Users/umesh/.m2/repository/com/aventstack/extentreports/4.0.9/extentreports-4.0.9.jar!/com/aventstack/extentreports/view/v3html/test-view/v3-html-test-view-charts.ftl"
2022-10-26 18:08:08 DEBUG cache:45 - Couldn't find template in cache for "v3html/test-view/v3-html-standard.ftl"("en", UTF-8, parsed); will try to load it.
2022-10-26 18:08:08 DEBUG cache:45 - TemplateLoader.findTemplateSource("v3html/test-view/v3-html-standard_en.ftl"): Not found
2022-10-26 18:08:08 DEBUG cache:45 - TemplateLoader.findTemplateSource("v3html/test-view/v3-html-standard.ftl"): Found
2022-10-26 18:08:08 DEBUG cache:45 - Loading template for "v3html/test-view/v3-html-standard.ftl"("en", UTF-8, parsed) from "jar:file:/Users/umesh/.m2/repository/com/aventstack/extentreports/4.0.9/extentreports-4.0.9.jar!/com/aventstack/extentreports/view/v3html/test-view/v3-html-standard.ftl"
2022-10-26 18:08:08 DEBUG cache:45 - Couldn't find template in cache for "v3html/category-view/v3-html-category-view.ftl"("en", UTF-8, parsed); will try to load it.
2022-10-26 18:08:08 DEBUG cache:45 - TemplateLoader.findTemplateSource("v3html/category-view/v3-html-category-view_en.ftl"): Not found
2022-10-26 18:08:08 DEBUG cache:45 - TemplateLoader.findTemplateSource("v3html/category-view/v3-html-category-view.ftl"): Found
2022-10-26 18:08:08 DEBUG cache:45 - Loading template for "v3html/category-view/v3-html-category-view.ftl"("en", UTF-8, parsed) from "jar:file:/Users/umesh/.m2/repository/com/aventstack/extentreports/4.0.9/extentreports-4.0.9.jar!/com/aventstack/extentreports/view/v3html/category-view/v3-html-category-view.ftl"
2022-10-26 18:08:08 DEBUG cache:45 - Couldn't find template in cache for "v3html/exception-view/v3-html-exception-view.ftl"("en", UTF-8, parsed); will try to load it.
2022-10-26 18:08:08 DEBUG cache:45 - TemplateLoader.findTemplateSource("v3html/exception-view/v3-html-exception-view_en.ftl"): Not found
2022-10-26 18:08:08 DEBUG cache:45 - TemplateLoader.findTemplateSource("v3html/exception-view/v3-html-exception-view.ftl"): Found
2022-10-26 18:08:08 DEBUG cache:45 - Loading template for "v3html/exception-view/v3-html-exception-view.ftl"("en", UTF-8, parsed) from "jar:file:/Users/umesh/.m2/repository/com/aventstack/extentreports/4.0.9/extentreports-4.0.9.jar!/com/aventstack/extentreports/view/v3html/exception-view/v3-html-exception-view.ftl"
2022-10-26 18:08:08 DEBUG cache:45 - Couldn't find template in cache for "v3html/author-view/v3-html-author-view.ftl"("en", UTF-8, parsed); will try to load it.
2022-10-26 18:08:08 DEBUG cache:45 - TemplateLoader.findTemplateSource("v3html/author-view/v3-html-author-view_en.ftl"): Not found
2022-10-26 18:08:08 DEBUG cache:45 - TemplateLoader.findTemplateSource("v3html/author-view/v3-html-author-view.ftl"): Found
2022-10-26 18:08:09 DEBUG cache:45 - Loading template for "v3html/author-view/v3-html-author-view.ftl"("en", UTF-8, parsed) from "jar:file:/Users/umesh/.m2/repository/com/aventstack/extentreports/4.0.9/extentreports-4.0.9.jar!/com/aventstack/extentreports/view/v3html/author-view/v3-html-author-view.ftl"
2022-10-26 18:08:09 DEBUG cache:45 - Couldn't find template in cache for "v3html/dashboard-view/v3-html-dashboard-view.ftl"("en", UTF-8, parsed); will try to load it.
2022-10-26 18:08:09 DEBUG cache:45 - TemplateLoader.findTemplateSource("v3html/dashboard-view/v3-html-dashboard-view_en.ftl"): Not found
2022-10-26 18:08:09 DEBUG cache:45 - TemplateLoader.findTemplateSource("v3html/dashboard-view/v3-html-dashboard-view.ftl"): Found
2022-10-26 18:08:09 DEBUG cache:45 - Loading template for "v3html/dashboard-view/v3-html-dashboard-view.ftl"("en", UTF-8, parsed) from "jar:file:/Users/umesh/.m2/repository/com/aventstack/extentreports/4.0.9/extentreports-4.0.9.jar!/com/aventstack/extentreports/view/v3html/dashboard-view/v3-html-dashboard-view.ftl"
2022-10-26 18:08:09 DEBUG cache:45 - Couldn't find template in cache for "v3html/logs-view/v3-html-testrunner-logs-view.ftl"("en", UTF-8, parsed); will try to load it.
2022-10-26 18:08:09 DEBUG cache:45 - TemplateLoader.findTemplateSource("v3html/logs-view/v3-html-testrunner-logs-view_en.ftl"): Not found
2022-10-26 18:08:09 DEBUG cache:45 - TemplateLoader.findTemplateSource("v3html/logs-view/v3-html-testrunner-logs-view.ftl"): Found
2022-10-26 18:08:09 DEBUG cache:45 - Loading template for "v3html/logs-view/v3-html-testrunner-logs-view.ftl"("en", UTF-8, parsed) from "jar:file:/Users/umesh/.m2/repository/com/aventstack/extentreports/4.0.9/extentreports-4.0.9.jar!/com/aventstack/extentreports/view/v3html/logs-view/v3-html-testrunner-logs-view.ftl"
2022-10-26 18:10:21 INFO  Log:11 - =====================================loginTestCase TEST START=========================================
2022-10-26 18:10:53 INFO  Log:25 - Entering user name and password
2022-10-26 18:10:53 INFO  Log:25 - Successfully entered value at: "[[ChromeDriver: chrome on MAC (f1b4cbd20931193bdae62819ff442273)] -> id: email]"
2022-10-26 18:10:53 INFO  Log:25 - Successfully entered value at: "[[ChromeDriver: chrome on MAC (f1b4cbd20931193bdae62819ff442273)] -> id: passwd]"
2022-10-26 18:11:07 INFO  Log:25 - verifying the logined page
2022-10-26 18:39:25 INFO  Log:11 - =====================================loginTestCase TEST START=========================================
2022-10-26 18:40:14 INFO  Log:25 - Entering user name and password
2022-10-26 18:40:14 INFO  Log:25 - Successfully entered value at: "[[ChromeDriver: chrome on MAC (5297ba88710b44d870e76750706800c7)] -> id: email]"
2022-10-26 18:40:15 INFO  Log:25 - Successfully entered value at: "[[ChromeDriver: chrome on MAC (5297ba88710b44d870e76750706800c7)] -> id: passwd]"
2022-10-26 18:40:28 INFO  Log:25 - verifying the logined page
2022-10-26 18:43:07 INFO  Log:11 - =====================================loginTestCase TEST START=========================================
2022-10-26 20:30:32 INFO  Log:11 - =====================================loginTestCase TEST START=========================================
2022-10-26 20:31:05 INFO  Log:25 - Entering user name and password
2022-10-26 20:31:05 INFO  Log:25 - Successfully entered value at: "[[ChromeDriver: chrome on MAC (2e297c29dd8bebcf496173082dea5809)] -> id: email]"
2022-10-26 20:31:06 INFO  Log:25 - Successfully entered value at: "[[ChromeDriver: chrome on MAC (2e297c29dd8bebcf496173082dea5809)] -> id: passwd]"
2022-10-26 20:31:10 INFO  Log:25 - verifying the logined page
2022-10-26 20:31:11 INFO  Log:17 - =====================================loginTestCase TEST END=========================================
2022-10-26 20:31:11 DEBUG cache:45 - Couldn't find template in cache for "v3html/v3-html-index.ftl"("en", UTF-8, parsed); will try to load it.
2022-10-26 20:31:11 DEBUG cache:45 - TemplateLoader.findTemplateSource("v3html/v3-html-index_en.ftl"): Not found
2022-10-26 20:31:11 DEBUG cache:45 - TemplateLoader.findTemplateSource("v3html/v3-html-index.ftl"): Found
2022-10-26 20:31:11 DEBUG cache:45 - Loading template for "v3html/v3-html-index.ftl"("en", UTF-8, parsed) from "jar:file:/Users/umesh/.m2/repository/com/aventstack/extentreports/4.0.9/extentreports-4.0.9.jar!/com/aventstack/extentreports/view/v3html/v3-html-index.ftl"
2022-10-26 20:31:11 DEBUG cache:45 - Couldn't find template in cache for "v3html/v3-html-head.ftl"("en", UTF-8, parsed); will try to load it.
2022-10-26 20:31:11 DEBUG cache:45 - TemplateLoader.findTemplateSource("v3html/v3-html-head_en.ftl"): Not found
2022-10-26 20:31:11 DEBUG cache:45 - TemplateLoader.findTemplateSource("v3html/v3-html-head.ftl"): Found
2022-10-26 20:31:11 DEBUG cache:45 - Loading template for "v3html/v3-html-head.ftl"("en", UTF-8, parsed) from "jar:file:/Users/umesh/.m2/repository/com/aventstack/extentreports/4.0.9/extentreports-4.0.9.jar!/com/aventstack/extentreports/view/v3html/v3-html-head.ftl"
2022-10-26 20:31:11 DEBUG cache:45 - Couldn't find template in cache for "v3html/v3-html-nav.ftl"("en", UTF-8, parsed); will try to load it.
2022-10-26 20:31:11 DEBUG cache:45 - TemplateLoader.findTemplateSource("v3html/v3-html-nav_en.ftl"): Not found
2022-10-26 20:31:11 DEBUG cache:45 - TemplateLoader.findTemplateSource("v3html/v3-html-nav.ftl"): Found
2022-10-26 20:31:11 DEBUG cache:45 - Loading template for "v3html/v3-html-nav.ftl"("en", UTF-8, parsed) from "jar:file:/Users/umesh/.m2/repository/com/aventstack/extentreports/4.0.9/extentreports-4.0.9.jar!/com/aventstack/extentreports/view/v3html/v3-html-nav.ftl"
2022-10-26 20:31:11 DEBUG cache:45 - Couldn't find template in cache for "v3html/test-view/v3-html-test-view.ftl"("en", UTF-8, parsed); will try to load it.
2022-10-26 20:31:11 DEBUG cache:45 - TemplateLoader.findTemplateSource("v3html/test-view/v3-html-test-view_en.ftl"): Not found
2022-10-26 20:31:11 DEBUG cache:45 - TemplateLoader.findTemplateSource("v3html/test-view/v3-html-test-view.ftl"): Found
2022-10-26 20:31:11 DEBUG cache:45 - Loading template for "v3html/test-view/v3-html-test-view.ftl"("en", UTF-8, parsed) from "jar:file:/Users/umesh/.m2/repository/com/aventstack/extentreports/4.0.9/extentreports-4.0.9.jar!/com/aventstack/extentreports/view/v3html/test-view/v3-html-test-view.ftl"
2022-10-26 20:31:11 DEBUG cache:45 - Couldn't find template in cache for "v3html/test-view/v3-html-test-view-charts.ftl"("en", UTF-8, parsed); will try to load it.
2022-10-26 20:31:11 DEBUG cache:45 - TemplateLoader.findTemplateSource("v3html/test-view/v3-html-test-view-charts_en.ftl"): Not found
2022-10-26 20:31:11 DEBUG cache:45 - TemplateLoader.findTemplateSource("v3html/test-view/v3-html-test-view-charts.ftl"): Found
2022-10-26 20:31:11 DEBUG cache:45 - Loading template for "v3html/test-view/v3-html-test-view-charts.ftl"("en", UTF-8, parsed) from "jar:file:/Users/umesh/.m2/repository/com/aventstack/extentreports/4.0.9/extentreports-4.0.9.jar!/com/aventstack/extentreports/view/v3html/test-view/v3-html-test-view-charts.ftl"
2022-10-26 20:31:11 DEBUG cache:45 - Couldn't find template in cache for "v3html/test-view/v3-html-standard.ftl"("en", UTF-8, parsed); will try to load it.
2022-10-26 20:31:11 DEBUG cache:45 - TemplateLoader.findTemplateSource("v3html/test-view/v3-html-standard_en.ftl"): Not found
2022-10-26 20:31:11 DEBUG cache:45 - TemplateLoader.findTemplateSource("v3html/test-view/v3-html-standard.ftl"): Found
2022-10-26 20:31:11 DEBUG cache:45 - Loading template for "v3html/test-view/v3-html-standard.ftl"("en", UTF-8, parsed) from "jar:file:/Users/umesh/.m2/repository/com/aventstack/extentreports/4.0.9/extentreports-4.0.9.jar!/com/aventstack/extentreports/view/v3html/test-view/v3-html-standard.ftl"
2022-10-26 20:31:11 DEBUG cache:45 - Couldn't find template in cache for "v3html/category-view/v3-html-category-view.ftl"("en", UTF-8, parsed); will try to load it.
2022-10-26 20:31:11 DEBUG cache:45 - TemplateLoader.findTemplateSource("v3html/category-view/v3-html-category-view_en.ftl"): Not found
2022-10-26 20:31:11 DEBUG cache:45 - TemplateLoader.findTemplateSource("v3html/category-view/v3-html-category-view.ftl"): Found
2022-10-26 20:31:11 DEBUG cache:45 - Loading template for "v3html/category-view/v3-html-category-view.ftl"("en", UTF-8, parsed) from "jar:file:/Users/umesh/.m2/repository/com/aventstack/extentreports/4.0.9/extentreports-4.0.9.jar!/com/aventstack/extentreports/view/v3html/category-view/v3-html-category-view.ftl"
2022-10-26 20:31:11 DEBUG cache:45 - Couldn't find template in cache for "v3html/exception-view/v3-html-exception-view.ftl"("en", UTF-8, parsed); will try to load it.
2022-10-26 20:31:11 DEBUG cache:45 - TemplateLoader.findTemplateSource("v3html/exception-view/v3-html-exception-view_en.ftl"): Not found
2022-10-26 20:31:11 DEBUG cache:45 - TemplateLoader.findTemplateSource("v3html/exception-view/v3-html-exception-view.ftl"): Found
2022-10-26 20:31:11 DEBUG cache:45 - Loading template for "v3html/exception-view/v3-html-exception-view.ftl"("en", UTF-8, parsed) from "jar:file:/Users/umesh/.m2/repository/com/aventstack/extentreports/4.0.9/extentreports-4.0.9.jar!/com/aventstack/extentreports/view/v3html/exception-view/v3-html-exception-view.ftl"
2022-10-26 20:31:11 DEBUG cache:45 - Couldn't find template in cache for "v3html/author-view/v3-html-author-view.ftl"("en", UTF-8, parsed); will try to load it.
2022-10-26 20:31:11 DEBUG cache:45 - TemplateLoader.findTemplateSource("v3html/author-view/v3-html-author-view_en.ftl"): Not found
2022-10-26 20:31:11 DEBUG cache:45 - TemplateLoader.findTemplateSource("v3html/author-view/v3-html-author-view.ftl"): Found
2022-10-26 20:31:11 DEBUG cache:45 - Loading template for "v3html/author-view/v3-html-author-view.ftl"("en", UTF-8, parsed) from "jar:file:/Users/umesh/.m2/repository/com/aventstack/extentreports/4.0.9/extentreports-4.0.9.jar!/com/aventstack/extentreports/view/v3html/author-view/v3-html-author-view.ftl"
2022-10-26 20:31:11 DEBUG cache:45 - Couldn't find template in cache for "v3html/dashboard-view/v3-html-dashboard-view.ftl"("en", UTF-8, parsed); will try to load it.
2022-10-26 20:31:11 DEBUG cache:45 - TemplateLoader.findTemplateSource("v3html/dashboard-view/v3-html-dashboard-view_en.ftl"): Not found
2022-10-26 20:31:11 DEBUG cache:45 - TemplateLoader.findTemplateSource("v3html/dashboard-view/v3-html-dashboard-view.ftl"): Found
2022-10-26 20:31:11 DEBUG cache:45 - Loading template for "v3html/dashboard-view/v3-html-dashboard-view.ftl"("en", UTF-8, parsed) from "jar:file:/Users/umesh/.m2/repository/com/aventstack/extentreports/4.0.9/extentreports-4.0.9.jar!/com/aventstack/extentreports/view/v3html/dashboard-view/v3-html-dashboard-view.ftl"
2022-10-26 20:31:11 DEBUG cache:45 - Couldn't find template in cache for "v3html/logs-view/v3-html-testrunner-logs-view.ftl"("en", UTF-8, parsed); will try to load it.
2022-10-26 20:31:11 DEBUG cache:45 - TemplateLoader.findTemplateSource("v3html/logs-view/v3-html-testrunner-logs-view_en.ftl"): Not found
2022-10-26 20:31:11 DEBUG cache:45 - TemplateLoader.findTemplateSource("v3html/logs-view/v3-html-testrunner-logs-view.ftl"): Found
2022-10-26 20:31:11 DEBUG cache:45 - Loading template for "v3html/logs-view/v3-html-testrunner-logs-view.ftl"("en", UTF-8, parsed) from "jar:file:/Users/umesh/.m2/repository/com/aventstack/extentreports/4.0.9/extentreports-4.0.9.jar!/com/aventstack/extentreports/view/v3html/logs-view/v3-html-testrunner-logs-view.ftl"
2022-10-26 20:34:37 INFO  Log:25 - Successfully entered value at: "[[ChromeDriver: chrome on MAC (6b5c194777811e5ff47af7723641cd3d)] -> id: search_query_top]"
2022-10-26 20:34:42 INFO  Log:25 - Successfully Found element at
2022-10-26 20:34:42 INFO  Log:25 - The element is Displayed
2022-10-26 20:34:56 INFO  Log:25 - Successfully entered value at: "[[ChromeDriver: chrome on MAC (45a34b226d0277d5080ab47e998eb802)] -> id: search_query_top]"
2022-10-26 20:35:06 INFO  Log:25 - Successfully entered value at: "[[ChromeDriver: chrome on MAC (45a34b226d0277d5080ab47e998eb802)] -> id: quantity_wanted]"
2022-10-26 20:35:26 INFO  Log:25 - Successfully entered value at: "[[ChromeDriver: chrome on MAC (87c89ec3ab39891669609891d9fe8f10)] -> id: search_query_top]"
2022-10-26 20:35:34 INFO  Log:25 - Successfully entered value at: "[[ChromeDriver: chrome on MAC (87c89ec3ab39891669609891d9fe8f10)] -> id: quantity_wanted]"
2022-10-26 20:35:48 INFO  Log:25 - Successfully entered value at: "[[ChromeDriver: chrome on MAC (87c89ec3ab39891669609891d9fe8f10)] -> id: email]"
2022-10-26 20:35:48 INFO  Log:25 - Successfully entered value at: "[[ChromeDriver: chrome on MAC (87c89ec3ab39891669609891d9fe8f10)] -> id: passwd]"
2022-10-26 20:36:10 INFO  Log:25 - Successfully entered value at: "[[ChromeDriver: chrome on MAC (6b21b61c600c003afdbbc4db4d52a732)] -> id: email]"
2022-10-26 20:36:10 INFO  Log:25 - Successfully entered value at: "[[ChromeDriver: chrome on MAC (6b21b61c600c003afdbbc4db4d52a732)] -> id: passwd]"
2022-10-26 20:36:13 ERROR Log:37 - no such element: Unable to locate element: {"method":"xpath","selector":"//span[text()='Order history and details']"}
  (Session info: chrome=106.0.5249.119)
For documentation on this error, please visit: https://selenium.dev/exceptions/#no_such_element
Build info: version: '4.5.0', revision: 'fe167b119a'
System info: os.name: 'Mac OS X', os.arch: 'x86_64', os.version: '10.16', java.version: '1.8.0_45'
Driver info: org.openqa.selenium.chrome.ChromeDriver
Command: [6b21b61c600c003afdbbc4db4d52a732, findElement {using=xpath, value=//span[text()='Order history and details']}]
Capabilities {acceptInsecureCerts: false, browserName: chrome, browserVersion: 106.0.5249.119, chrome: {chromedriverVersion: 106.0.5249.61 (511755355844..., userDataDir: /var/folders/1_/k2fksr5d1n5...}, goog:chromeOptions: {debuggerAddress: localhost:58029}, networkConnectionEnabled: false, pageLoadStrategy: normal, platformName: MAC, proxy: Proxy(), se:cdp: ws://localhost:58029/devtoo..., se:cdpVersion: 106.0.5249.119, setWindowRect: true, strictFileInteractability: false, timeouts: {implicit: 0, pageLoad: 300000, script: 30000}, unhandledPromptBehavior: dismiss and notify, webauthn:extension:credBlob: true, webauthn:extension:largeBlob: true, webauthn:virtualAuthenticators: true}
Session ID: 6b21b61c600c003afdbbc4db4d52a732
2022-10-26 20:36:13 INFO  Log:25 - Unable to locate element at
2022-10-26 20:36:13 INFO  Log:25 - Not displayed Proxy element for: DefaultElementLocator 'By.xpath: //span[text()='Order history and details']'
2022-10-26 20:36:33 INFO  Log:25 - Successfully entered value at: "[[ChromeDriver: chrome on MAC (d504fb0e693842094514d32c67d46d7d)] -> id: email]"
2022-10-26 20:36:33 INFO  Log:25 - Successfully entered value at: "[[ChromeDriver: chrome on MAC (d504fb0e693842094514d32c67d46d7d)] -> id: passwd]"
2022-10-26 20:36:36 ERROR Log:37 - no such element: Unable to locate element: {"method":"xpath","selector":"//span[text()='My wishlists']"}
  (Session info: chrome=106.0.5249.119)
For documentation on this error, please visit: https://selenium.dev/exceptions/#no_such_element
Build info: version: '4.5.0', revision: 'fe167b119a'
System info: os.name: 'Mac OS X', os.arch: 'x86_64', os.version: '10.16', java.version: '1.8.0_45'
Driver info: org.openqa.selenium.chrome.ChromeDriver
Command: [d504fb0e693842094514d32c67d46d7d, findElement {using=xpath, value=//span[text()='My wishlists']}]
Capabilities {acceptInsecureCerts: false, browserName: chrome, browserVersion: 106.0.5249.119, chrome: {chromedriverVersion: 106.0.5249.61 (511755355844..., userDataDir: /var/folders/1_/k2fksr5d1n5...}, goog:chromeOptions: {debuggerAddress: localhost:58061}, networkConnectionEnabled: false, pageLoadStrategy: normal, platformName: MAC, proxy: Proxy(), se:cdp: ws://localhost:58061/devtoo..., se:cdpVersion: 106.0.5249.119, setWindowRect: true, strictFileInteractability: false, timeouts: {implicit: 0, pageLoad: 300000, script: 30000}, unhandledPromptBehavior: dismiss and notify, webauthn:extension:credBlob: true, webauthn:extension:largeBlob: true, webauthn:virtualAuthenticators: true}
Session ID: d504fb0e693842094514d32c67d46d7d
2022-10-26 20:36:36 INFO  Log:25 - Unable to locate element at
2022-10-26 20:36:36 INFO  Log:25 - Not displayed Proxy element for: DefaultElementLocator 'By.xpath: //span[text()='My wishlists']'
2022-10-26 20:36:36 INFO  Log:11 - =====================================loginTestCase TEST START=========================================
2022-10-26 20:36:56 INFO  Log:25 - Entering user name and password
2022-10-26 20:36:56 INFO  Log:25 - Successfully entered value at: "[[ChromeDriver: chrome on MAC (eb730603d092b358a2f402d61e6a0c8d)] -> id: email]"
2022-10-26 20:36:57 INFO  Log:25 - Successfully entered value at: "[[ChromeDriver: chrome on MAC (eb730603d092b358a2f402d61e6a0c8d)] -> id: passwd]"
2022-10-26 20:37:01 INFO  Log:25 - verifying the logined page
2022-10-26 20:37:01 INFO  Log:17 - =====================================loginTestCase TEST END=========================================
2022-10-26 20:37:14 INFO  Log:25 - Successfully Found element at
2022-10-26 20:37:14 INFO  Log:25 - The element is Displayed
